17:10:05 - BTCUSDT SELL LIMIT order for $215 PLACED at 42904.80. OrderID: 3611254879
17:10:06 - BTCUSDT BUY LIMIT order for $214 PLACED at 42869.30. OrderID: 3611254921
17:10:16 - BTCUSDT SELL LIMIT order for $215 FILLED at 42904.80. OrderID: 3611254879
17:10:16 - Bid pulled. OrderID: 3611254921
17:10:16 - Long Inventory: 0
17:10:16 - Short Inventory: 0
17:10:16 - BTCUSDT SELL LIMIT order for $214 PLACED at 42899.00. OrderID: 3611255264
17:10:16 - BTCUSDT BUY LIMIT order for $214 PLACED at 42866.90. OrderID: 3611255272
17:10:27 - BTCUSDT SELL LIMIT order for $214 FILLED at 42899. OrderID: 3611255264
17:10:27 - Bid pulled. OrderID: 3611255272
17:10:27 - Long Inventory: 0
17:10:27 - Short Inventory: 1
17:10:28 - BTCUSDT SELL LIMIT order for $215 PLACED at 42946.60. OrderID: 3611255951
17:10:29 - BTCUSDT BUY LIMIT order for $215 PLACED at 42913.10. OrderID: 3611255978
17:10:57 - BTCUSDT BUY LIMIT order for $215 FILLED at 42913.10. OrderID: 3611255978
17:10:58 - Offer pulled. OrderID: 3611255951
17:10:58 - Long Inventory: 0
17:10:58 - Short Inventory: 2
17:10:58 - BTCUSDT SELL LIMIT order for $215 PLACED at 42945.10. OrderID: 3611257012
17:10:59 - BTCUSDT BUY LIMIT order for $215 PLACED at 42909.50. OrderID: 3611257032
17:10:59 - Trade Complete
17:11:00 - BTCUSDT BUY LIMIT order for $215 FILLED at 42909.50. OrderID: 3611257032
17:11:00 - Offer pulled. OrderID: 3611257012
17:11:00 - Long Inventory: 0
17:11:00 - Short Inventory: 1
17:11:01 - BTCUSDT SELL LIMIT order for $215 PLACED at 42947.60. OrderID: 3611257053
17:11:01 - BTCUSDT BUY LIMIT order for $214 PLACED at 42866.90. OrderID: 3611257077
17:11:01 - Trade Complete
17:11:17 - BTCUSDT SELL LIMIT order for $215 FILLED at 42947.60. OrderID: 3611257053
17:11:17 - Bid pulled. OrderID: 3611257077
17:11:17 - Long Inventory: 0
17:11:17 - Short Inventory: 0
17:11:18 - BTCUSDT SELL LIMIT order for $215 PLACED at 42918.60. OrderID: 3611257369
17:11:19 - BTCUSDT BUY LIMIT order for $214 PLACED at 42889.00. OrderID: 3611257383
17:11:21 - BTCUSDT BUY LIMIT order for $214 FILLED at 42889. OrderID: 3611257383
17:11:22 - Offer pulled. OrderID: 3611257369
17:11:22 - Long Inventory: 0
17:11:22 - Short Inventory: 1
17:11:23 - BTCUSDT SELL LIMIT order for $214 PLACED at 42888.60. OrderID: 3611257460
17:11:24 - BTCUSDT BUY LIMIT order for $214 PLACED at 42866.90. OrderID: 3611257469
17:11:24 - Trade Complete
17:11:28 - BTCUSDT SELL LIMIT order for $214 FILLED at 42888.60. OrderID: 3611257460
17:11:29 - Bid pulled. OrderID: 3611257469
17:11:29 - Long Inventory: 0
17:11:29 - Short Inventory: 0
17:11:30 - BTCUSDT SELL LIMIT order for $215 PLACED at 42925.50. OrderID: 3611257568
17:11:30 - BTCUSDT BUY LIMIT order for $214 PLACED at 42895.70. OrderID: 3611257581
17:11:37 - BTCUSDT SELL LIMIT order for $215 FILLED at 42925.50. OrderID: 3611257568
17:11:38 - Bid pulled. OrderID: 3611257581
17:11:38 - Long Inventory: 0
17:11:38 - Short Inventory: 1
17:11:39 - BTCUSDT SELL LIMIT order for $215 PLACED at 42944.70. OrderID: 3611257771
17:11:40 - BTCUSDT BUY LIMIT order for $215 PLACED at 42913.00. OrderID: 3611257800
17:11:41 - BTCUSDT BUY LIMIT order for $215 FILLED at 42913. OrderID: 3611257800
17:11:42 - Offer pulled. OrderID: 3611257771
17:11:42 - Long Inventory: 0
17:11:42 - Short Inventory: 2
17:11:43 - BTCUSDT SELL LIMIT order for $215 PLACED at 42922.90. OrderID: 3611257883
17:11:44 - BTCUSDT BUY LIMIT order for $214 PLACED at 42894.60. OrderID: 3611257902
17:11:44 - Trade Complete
17:11:45 - BTCUSDT SELL LIMIT order for $215 FILLED at 42922.90. OrderID: 3611257883
17:11:46 - BTCUSDT BUY LIMIT order for $214 FILLED at 42894.60. OrderID: 3611257902
