15:46:20 - BTCUSDT SELL LIMIT order for $213 PLACED at 42619.10. OrderID: 3611020695
15:46:21 - BTCUSDT BUY LIMIT order for $212 PLACED at 42491.50. OrderID: 3611020714
15:46:23 - BTCUSDT SELL LIMIT order for $213 FILLED at 42619.10. OrderID: 3611020695
15:46:24 - Bid pulled. OrderID: 3611020714
15:46:24 - Long Inventory: 0
15:46:24 - Short Inventory: 0
15:46:25 - BTCUSDT SELL LIMIT order for $213 PLACED at 42670.20. OrderID: 3611021016
15:46:25 - BTCUSDT BUY LIMIT order for $213 PLACED at 42542.30. OrderID: 3611021058
15:46:42 - BTCUSDT SELL LIMIT order for $213 FILLED at 42670.20. OrderID: 3611021016
15:46:42 - Bid pulled. OrderID: 3611021058
15:46:42 - Long Inventory: 0
15:46:42 - Short Inventory: 1
15:46:43 - BTCUSDT SELL LIMIT order for $213 PLACED at 42674.50. OrderID: 3611021669
15:46:44 - BTCUSDT BUY LIMIT order for $213 PLACED at 42576.40. OrderID: 3611021677
15:46:46 - BTCUSDT BUY LIMIT order for $213 FILLED at 42576.40. OrderID: 3611021677
15:46:46 - Offer pulled. OrderID: 3611021669
15:46:46 - Long Inventory: 0
15:46:46 - Short Inventory: 2
15:46:47 - BTCUSDT SELL LIMIT order for $213 PLACED at 42678.70. OrderID: 3611021868
15:46:47 - BTCUSDT BUY LIMIT order for $213 PLACED at 42550.80. OrderID: 3611021933
15:46:47 - Trade Complete
15:46:58 - BTCUSDT SELL LIMIT order for $213 FILLED at 42678.70. OrderID: 3611021868
15:46:58 - Bid pulled. OrderID: 3611021933
15:46:58 - Long Inventory: 0
15:46:58 - Short Inventory: 1
15:46:59 - BTCUSDT SELL LIMIT order for $213 PLACED at 42695.80. OrderID: 3611022630
15:46:59 - BTCUSDT BUY LIMIT order for $213 PLACED at 42567.90. OrderID: 3611022637
15:47:15 - BTCUSDT SELL LIMIT order for $213 FILLED at 42695.80. OrderID: 3611022630
15:47:15 - Bid pulled. OrderID: 3611022637
15:47:15 - Long Inventory: 0
15:47:15 - Short Inventory: 2
15:47:16 - BTCUSDT SELL LIMIT order for $214 PLACED at 42708.50. OrderID: 3611023501
15:47:16 - BTCUSDT BUY LIMIT order for $213 PLACED at 42567.90. OrderID: 3611023545
15:47:17 - Stop loss order placed.
15:48:35 - BTCUSDT BUY LIMIT order for $213 FILLED at 42567.90. OrderID: 3611023545
15:48:35 - Offer pulled. OrderID: 3611023501
15:48:35 - Long Inventory: 0
15:48:35 - Short Inventory: 3
15:48:36 - BTCUSDT SELL LIMIT order for $213 PLACED at 42687.30. OrderID: 3611027443
15:48:37 - BTCUSDT BUY LIMIT order for $213 PLACED at 42559.30. OrderID: 3611027449
15:48:37 - Trade Complete
15:49:14 - BTCUSDT SELL LIMIT order for $213 FILLED at 42687.30. OrderID: 3611027443
15:49:14 - Bid pulled. OrderID: 3611027449
15:49:14 - Long Inventory: 0
15:49:14 - Short Inventory: 2
15:49:15 - BTCUSDT SELL LIMIT order for $214 PLACED at 42704.40. OrderID: 3611029259
15:49:15 - BTCUSDT BUY LIMIT order for $213 PLACED at 42571.50. OrderID: 3611029295
15:49:17 - Stop loss order placed.
15:49:49 - BTCUSDT BUY LIMIT order for $213 FILLED at 42571.50. OrderID: 3611029295
15:49:50 - Offer pulled. OrderID: 3611029259
15:49:50 - Long Inventory: 0
15:49:50 - Short Inventory: 3
15:49:50 - BTCUSDT SELL LIMIT order for $214 PLACED at 42704.40. OrderID: 3611030890
15:49:51 - BTCUSDT BUY LIMIT order for $213 PLACED at 42561.50. OrderID: 3611030898
15:49:51 - Trade Complete
15:49:59 - BTCUSDT BUY LIMIT order for $213 FILLED at 42561.50. OrderID: 3611030898
15:50:00 - Offer pulled. OrderID: 3611030890
15:50:00 - Long Inventory: 0
15:50:00 - Short Inventory: 2
15:50:01 - BTCUSDT SELL LIMIT order for $213 PLACED at 42678.70. OrderID: 3611031465
15:50:01 - BTCUSDT BUY LIMIT order for $212 PLACED at 42499.80. OrderID: 3611031503
15:50:01 - Trade Complete
15:50:34 - BTCUSDT SELL LIMIT order for $213 FILLED at 42678.70. OrderID: 3611031465
15:50:34 - Bid pulled. OrderID: 3611031503
15:50:34 - Long Inventory: 0
15:50:34 - Short Inventory: 1
15:50:35 - BTCUSDT SELL LIMIT order for $213 PLACED at 42687.30. OrderID: 3611033489
15:50:35 - BTCUSDT BUY LIMIT order for $212 PLACED at 42499.80. OrderID: 3611033504
15:53:02 - BTCUSDT SELL LIMIT order for $213 FILLED at 42687.30. OrderID: 3611033489
15:53:02 - Bid pulled. OrderID: 3611033504
15:53:02 - Long Inventory: 0
15:53:02 - Short Inventory: 2
15:53:03 - BTCUSDT SELL LIMIT order for $214 PLACED at 42706.50. OrderID: 3611040615
15:53:03 - BTCUSDT BUY LIMIT order for $213 PLACED at 42584.90. OrderID: 3611040654
15:53:04 - Stop loss order placed.
15:53:06 - BTCUSDT BUY LIMIT order for $213 FILLED at 42584.90. OrderID: 3611040654
15:53:06 - Offer pulled. OrderID: 3611040615
15:53:06 - Long Inventory: 0
15:53:06 - Short Inventory: 3
15:53:07 - BTCUSDT SELL LIMIT order for $213 PLACED at 42678.70. OrderID: 3611040945
15:53:08 - BTCUSDT BUY LIMIT order for $213 PLACED at 42576.50. OrderID: 3611040996
15:53:08 - Trade Complete
15:53:21 - BTCUSDT BUY LIMIT order for $213 FILLED at 42576.50. OrderID: 3611040996
15:53:21 - Offer pulled. OrderID: 3611040945
15:53:21 - Long Inventory: 0
15:53:21 - Short Inventory: 2
15:53:22 - BTCUSDT SELL LIMIT order for $213 PLACED at 42678.70. OrderID: 3611041662
15:53:23 - BTCUSDT BUY LIMIT order for $213 PLACED at 42550.80. OrderID: 3611041667
15:53:23 - Trade Complete
15:53:32 - BTCUSDT SELL LIMIT order for $213 FILLED at 42678.70. OrderID: 3611041662
15:53:32 - Bid pulled. OrderID: 3611041667
15:53:32 - Long Inventory: 0
15:53:32 - Short Inventory: 1
15:53:33 - BTCUSDT SELL LIMIT order for $213 PLACED at 42695.80. OrderID: 3611042219
15:53:33 - BTCUSDT BUY LIMIT order for $213 PLACED at 42567.90. OrderID: 3611042265
15:53:36 - BTCUSDT SELL LIMIT order for $213 FILLED at 42695.80. OrderID: 3611042219
15:53:36 - Bid pulled. OrderID: 3611042265
15:53:36 - Long Inventory: 0
15:53:36 - Short Inventory: 2
15:53:37 - BTCUSDT SELL LIMIT order for $214 PLACED at 42706.50. OrderID: 3611042398
15:53:37 - BTCUSDT BUY LIMIT order for $213 PLACED at 42610.60. OrderID: 3611042420
15:53:38 - Stop loss order placed.
15:53:43 - BTCUSDT BUY LIMIT order for $213 FILLED at 42610.60. OrderID: 3611042420
15:53:44 - Offer pulled. OrderID: 3611042398
15:53:44 - Long Inventory: 0
15:53:44 - Short Inventory: 3
15:53:45 - BTCUSDT SELL LIMIT order for $213 PLACED at 42695.80. OrderID: 3611042580
15:53:45 - BTCUSDT BUY LIMIT order for $213 PLACED at 42614.10. OrderID: 3611042584
15:53:45 - Trade Complete
15:53:46 - BTCUSDT BUY LIMIT order for $213 FILLED at 42614.10. OrderID: 3611042584
15:53:46 - Offer pulled. OrderID: 3611042580
15:53:46 - Long Inventory: 0
15:53:46 - Short Inventory: 2
15:53:47 - BTCUSDT SELL LIMIT order for $213 PLACED at 42670.20. OrderID: 3611042696
15:53:48 - BTCUSDT BUY LIMIT order for $213 PLACED at 42542.30. OrderID: 3611042758
15:53:48 - Trade Complete
15:53:50 - BTCUSDT SELL LIMIT order for $213 FILLED at 42670.20. OrderID: 3611042696
15:53:50 - Bid pulled. OrderID: 3611042758
15:53:50 - Long Inventory: 0
15:53:50 - Short Inventory: 1
15:53:51 - BTCUSDT SELL LIMIT order for $214 PLACED at 42706.50. OrderID: 3611042990
15:53:51 - BTCUSDT BUY LIMIT order for $213 PLACED at 42584.90. OrderID: 3611042995
15:53:55 - BTCUSDT BUY LIMIT order for $213 FILLED at 42584.90. OrderID: 3611042995
15:53:56 - Offer pulled. OrderID: 3611042990
15:53:56 - Long Inventory: 0
15:53:56 - Short Inventory: 2
15:53:57 - BTCUSDT SELL LIMIT order for $213 PLACED at 42678.70. OrderID: 3611043219
15:53:57 - BTCUSDT BUY LIMIT order for $213 PLACED at 42550.80. OrderID: 3611043306
15:53:57 - Trade Complete
15:53:59 - BTCUSDT BUY LIMIT order for $213 FILLED at 42550.80. OrderID: 3611043306
15:54:00 - Offer pulled. OrderID: 3611043219
15:54:00 - Long Inventory: 0
15:54:00 - Short Inventory: 1
15:54:01 - BTCUSDT SELL LIMIT order for $213 PLACED at 42661.70. OrderID: 3611043480
15:54:01 - BTCUSDT BUY LIMIT order for $213 PLACED at 42541.70. OrderID: 3611043510
15:54:01 - Trade Complete
15:54:11 - BTCUSDT SELL LIMIT order for $213 FILLED at 42661.70. OrderID: 3611043480
15:54:12 - Bid pulled. OrderID: 3611043510
15:54:12 - Long Inventory: 0
15:54:12 - Short Inventory: 0
15:54:12 - BTCUSDT SELL LIMIT order for $214 PLACED at 42706.50. OrderID: 3611044220
15:54:12 - BTCUSDT BUY LIMIT order for $213 PLACED at 42584.90. OrderID: 3611044226
15:55:01 - BTCUSDT BUY LIMIT order for $213 FILLED at 42584.90. OrderID: 3611044226
15:55:02 - Offer pulled. OrderID: 3611044220
15:55:02 - Long Inventory: 0
15:55:02 - Short Inventory: 1
15:55:02 - BTCUSDT SELL LIMIT order for $213 PLACED at 42666.00. OrderID: 3611046519
15:55:02 - BTCUSDT BUY LIMIT order for $213 PLACED at 42542.30. OrderID: 3611046528
15:55:02 - Trade Complete
15:55:06 - BTCUSDT BUY LIMIT order for $213 FILLED at 42542.30. OrderID: 3611046528
15:55:06 - Offer pulled. OrderID: 3611046519
15:55:06 - Long Inventory: 0
15:55:06 - Short Inventory: 0
15:55:06 - BTCUSDT SELL LIMIT order for $213 PLACED at 42616.10. OrderID: 3611046800
15:55:07 - BTCUSDT BUY LIMIT order for $213 PLACED at 42508.30. OrderID: 3611046879
15:55:07 - BTCUSDT BUY LIMIT order for $213 FILLED at 42508.30. OrderID: 3611046879
15:55:08 - Offer pulled. OrderID: 3611046800
15:55:08 - Long Inventory: 1
15:55:08 - Short Inventory: 0
15:55:08 - BTCUSDT SELL LIMIT order for $213 PLACED at 42616.10. OrderID: 3611046973
15:55:09 - BTCUSDT BUY LIMIT order for $212 PLACED at 42491.60. OrderID: 3611047041
15:55:18 - BTCUSDT SELL LIMIT order for $213 FILLED at 42616.10. OrderID: 3611046973
15:55:18 - Bid pulled. OrderID: 3611047041
15:55:18 - Long Inventory: 2
15:55:18 - Short Inventory: 0
15:55:19 - BTCUSDT SELL LIMIT order for $213 PLACED at 42627.60. OrderID: 3611047463
15:55:19 - BTCUSDT BUY LIMIT order for $213 PLACED at 42512.40. OrderID: 3611047568
15:55:19 - Trade Complete
15:55:25 - BTCUSDT SELL LIMIT order for $213 FILLED at 42627.60. OrderID: 3611047463
15:55:26 - Bid pulled. OrderID: 3611047568
15:55:26 - Long Inventory: 1
15:55:26 - Short Inventory: 0
15:55:27 - BTCUSDT SELL LIMIT order for $213 PLACED at 42670.20. OrderID: 3611047868
15:55:28 - BTCUSDT BUY LIMIT order for $213 PLACED at 42542.30. OrderID: 3611047901
15:55:28 - Trade Complete
15:55:33 - BTCUSDT BUY LIMIT order for $213 FILLED at 42542.30. OrderID: 3611047901
15:55:34 - Offer pulled. OrderID: 3611047868
15:55:34 - Long Inventory: 0
15:55:34 - Short Inventory: 0
15:55:35 - BTCUSDT SELL LIMIT order for $213 PLACED at 42559.30. OrderID: 3611048325
15:55:36 - BTCUSDT BUY LIMIT order for $213 PLACED at 42508.30. OrderID: 3611048343
15:55:45 - BTCUSDT SELL LIMIT order for $213 FILLED at 42559.30. OrderID: 3611048325
15:55:46 - Bid pulled. OrderID: 3611048343
15:55:46 - Long Inventory: 1
15:55:46 - Short Inventory: 0
15:55:47 - BTCUSDT SELL LIMIT order for $213 PLACED at 42627.60. OrderID: 3611048618
15:55:48 - BTCUSDT BUY LIMIT order for $212 PLACED at 42499.80. OrderID: 3611048700
15:55:48 - Trade Complete
15:55:54 - BTCUSDT SELL LIMIT order for $213 FILLED at 42627.60. OrderID: 3611048618
15:55:54 - Bid pulled. OrderID: 3611048700
15:55:54 - Long Inventory: 0
15:55:54 - Short Inventory: 0
15:55:55 - BTCUSDT SELL LIMIT order for $213 PLACED at 42644.60. OrderID: 3611049015
15:55:56 - BTCUSDT BUY LIMIT order for $213 PLACED at 42516.80. OrderID: 3611049055
15:56:00 - BTCUSDT SELL LIMIT order for $213 FILLED at 42644.60. OrderID: 3611049015
15:56:01 - Bid pulled. OrderID: 3611049055
15:56:01 - Long Inventory: 0
15:56:01 - Short Inventory: 1
15:56:02 - BTCUSDT SELL LIMIT order for $213 PLACED at 42653.20. OrderID: 3611049495
15:56:03 - BTCUSDT BUY LIMIT order for $213 PLACED at 42525.30. OrderID: 3611049530
15:56:05 - BTCUSDT SELL LIMIT order for $213 FILLED at 42653.20. OrderID: 3611049495
15:56:06 - Bid pulled. OrderID: 3611049530
15:56:06 - Long Inventory: 0
15:56:06 - Short Inventory: 2
15:56:06 - BTCUSDT SELL LIMIT order for $214 PLACED at 42706.50. OrderID: 3611049805
15:56:07 - BTCUSDT BUY LIMIT order for $213 PLACED at 42533.90. OrderID: 3611049884
15:56:08 - Stop loss order placed.
16:07:19 - BTCUSDT SELL LIMIT order for $214 FILLED at 42704.40. OrderID: 3610994611
16:07:20 - Bid pulled. OrderID: 3611049884
16:07:20 - Long Inventory: 0
16:07:20 - Short Inventory: 3
16:07:20 - BTCUSDT SELL LIMIT order for $214 PLACED at 42721.40. OrderID: 3611082805
16:07:21 - BTCUSDT BUY LIMIT order for $213 PLACED at 42682.00. OrderID: 3611082830
16:07:21 - BTCUSDT SELL LIMIT order for $214 FILLED at 42706.50. OrderID: 3611049805
16:07:22 - Bid pulled. OrderID: 3611082830
16:07:22 - Long Inventory: 0
16:07:22 - Short Inventory: 4
16:07:22 - BTCUSDT SELL LIMIT order for $214 PLACED at 42721.40. OrderID: 3611082870
16:07:23 - BTCUSDT BUY LIMIT order for $213 PLACED at 42682.00. OrderID: 3611082906
16:07:23 - BTCUSDT SELL LIMIT order for $214 FILLED at 42708.50. OrderID: 3610959735
16:07:24 - Bid pulled. OrderID: 3611082906
16:07:24 - Long Inventory: 0
16:07:24 - Short Inventory: 5
16:07:24 - BTCUSDT SELL LIMIT order for $214 PLACED at 42738.50. OrderID: 3611082937
16:07:25 - BTCUSDT BUY LIMIT order for $213 PLACED at 42691.60. OrderID: 3611082987
16:07:25 - BTCUSDT SELL LIMIT order for $214 FILLED at 42708.50. OrderID: 3611018411
16:07:26 - Bid pulled. OrderID: 3611082987
16:07:26 - Long Inventory: 0
16:07:26 - Short Inventory: 6
16:07:26 - BTCUSDT SELL LIMIT order for $214 PLACED at 42738.50. OrderID: 3611083047
16:07:27 - BTCUSDT BUY LIMIT order for $213 PLACED at 42691.70. OrderID: 3611083103
16:07:27 - BTCUSDT SELL LIMIT order for $214 FILLED at 42721.40. OrderID: 3611082805
16:07:28 - Bid pulled. OrderID: 3611083103
16:07:28 - Long Inventory: 0
16:07:28 - Short Inventory: 7
16:07:28 - BTCUSDT SELL LIMIT order for $214 PLACED at 42738.50. OrderID: 3611083156
16:07:28 - BTCUSDT BUY LIMIT order for $213 PLACED at 42691.70. OrderID: 3611083197
16:07:28 - BTCUSDT SELL LIMIT order for $214 FILLED at 42721.40. OrderID: 3611082870
16:07:29 - Bid pulled. OrderID: 3611083197
16:07:29 - Long Inventory: 0
16:07:29 - Short Inventory: 8
16:07:29 - BTCUSDT SELL LIMIT order for $214 PLACED at 42738.50. OrderID: 3611083270
16:07:30 - BTCUSDT BUY LIMIT order for $213 PLACED at 42691.70. OrderID: 3611083299
16:07:39 - BTCUSDT SELL LIMIT order for $214 FILLED at 42738.50. OrderID: 3611082937
16:07:40 - Bid pulled. OrderID: 3611083299
16:07:40 - Long Inventory: 0
16:07:40 - Short Inventory: 9
16:07:41 - BTCUSDT SELL LIMIT order for $214 PLACED at 42755.60. OrderID: 3611083716
16:07:42 - BTCUSDT BUY LIMIT order for $213 PLACED at 42691.70. OrderID: 3611083747
16:07:42 - BTCUSDT SELL LIMIT order for $214 FILLED at 42738.50. OrderID: 3611083047
16:07:42 - Bid pulled. OrderID: 3611083747
16:07:42 - Long Inventory: 0
16:07:42 - Short Inventory: 10
16:07:43 - BTCUSDT SELL LIMIT order for $214 PLACED at 42755.60. OrderID: 3611083792
16:07:43 - BTCUSDT BUY LIMIT order for $213 PLACED at 42691.70. OrderID: 3611083812
16:07:43 - BTCUSDT SELL LIMIT order for $214 FILLED at 42738.50. OrderID: 3611083156
16:07:44 - Bid pulled. OrderID: 3611083812
16:07:44 - Long Inventory: 0
16:07:44 - Short Inventory: 11
16:07:44 - BTCUSDT SELL LIMIT order for $214 PLACED at 42755.60. OrderID: 3611083876
16:07:45 - BTCUSDT BUY LIMIT order for $213 PLACED at 42691.70. OrderID: 3611083922
16:07:45 - BTCUSDT SELL LIMIT order for $214 FILLED at 42738.50. OrderID: 3611083270
16:07:46 - Bid pulled. OrderID: 3611083922
16:07:46 - Long Inventory: 0
16:07:46 - Short Inventory: 12
16:07:46 - BTCUSDT SELL LIMIT order for $214 PLACED at 42781.40. OrderID: 3611083943
16:07:47 - BTCUSDT BUY LIMIT order for $213 PLACED at 42691.70. OrderID: 3611083949
16:07:47 - BTCUSDT SELL LIMIT order for $214 FILLED at 42755.60. OrderID: 3611083716
16:07:47 - Bid pulled. OrderID: 3611083949
16:07:47 - Long Inventory: 0
16:07:47 - Short Inventory: 13
16:07:47 - BTCUSDT SELL LIMIT order for $214 PLACED at 42781.40. OrderID: 3611083955
16:07:48 - BTCUSDT BUY LIMIT order for $213 PLACED at 42691.70. OrderID: 3611083956
16:07:48 - BTCUSDT SELL LIMIT order for $214 FILLED at 42755.60. OrderID: 3611083792
16:07:48 - Bid pulled. OrderID: 3611083956
16:07:48 - Long Inventory: 0
16:07:48 - Short Inventory: 14
16:07:48 - BTCUSDT SELL LIMIT order for $214 PLACED at 42781.40. OrderID: 3611083968
16:07:49 - BTCUSDT BUY LIMIT order for $213 PLACED at 42691.70. OrderID: 3611083969
16:07:49 - BTCUSDT SELL LIMIT order for $214 FILLED at 42755.60. OrderID: 3611083876
16:07:49 - Bid pulled. OrderID: 3611083969
16:07:49 - Long Inventory: 0
16:07:49 - Short Inventory: 15
16:07:49 - BTCUSDT SELL LIMIT order for $214 PLACED at 42781.40. OrderID: 3611083988
16:07:49 - BTCUSDT BUY LIMIT order for $213 PLACED at 42691.70. OrderID: 3611084016
16:08:37 - BTCUSDT SELL LIMIT order for $214 FILLED at 42781.40. OrderID: 3611083943
16:08:38 - Bid pulled. OrderID: 3611084016
16:08:38 - Long Inventory: 0
16:08:38 - Short Inventory: 16
16:08:39 - BTCUSDT SELL LIMIT order for $214 PLACED at 42808.60. OrderID: 3611086575
16:08:40 - BTCUSDT BUY LIMIT order for $214 PLACED at 42727.20. OrderID: 3611086595
16:08:40 - BTCUSDT SELL LIMIT order for $214 FILLED at 42781.40. OrderID: 3611083955
16:08:40 - Bid pulled. OrderID: 3611086595
16:08:40 - Long Inventory: 0
16:08:40 - Short Inventory: 17
16:08:41 - BTCUSDT SELL LIMIT order for $214 PLACED at 42808.60. OrderID: 3611086641
16:08:41 - BTCUSDT BUY LIMIT order for $214 PLACED at 42727.20. OrderID: 3611086678
16:08:41 - BTCUSDT SELL LIMIT order for $214 FILLED at 42781.40. OrderID: 3611083968
16:08:42 - Bid pulled. OrderID: 3611086678
16:08:42 - Long Inventory: 0
16:08:42 - Short Inventory: 18
16:08:43 - BTCUSDT SELL LIMIT order for $214 PLACED at 42808.60. OrderID: 3611086743
16:08:43 - BTCUSDT BUY LIMIT order for $214 PLACED at 42727.20. OrderID: 3611086760
16:08:43 - BTCUSDT SELL LIMIT order for $214 FILLED at 42781.40. OrderID: 3611083988
16:08:44 - Bid pulled. OrderID: 3611086760
16:08:44 - Long Inventory: 0
16:08:44 - Short Inventory: 19
16:08:44 - BTCUSDT SELL LIMIT order for $214 PLACED at 42808.60. OrderID: 3611086813
16:08:45 - BTCUSDT BUY LIMIT order for $214 PLACED at 42738.60. OrderID: 3611086816
16:11:58 - BTCUSDT SELL LIMIT order for $214 FILLED at 42808.60. OrderID: 3611086575
16:11:58 - Bid pulled. OrderID: 3611086816
16:11:58 - Long Inventory: 0
16:11:58 - Short Inventory: 20
16:11:59 - BTCUSDT SELL LIMIT order for $215 PLACED at 42906.60. OrderID: 3611096479
16:12:00 - BTCUSDT BUY LIMIT order for $214 PLACED at 42764.50. OrderID: 3611096507
16:12:00 - BTCUSDT SELL LIMIT order for $214 FILLED at 42808.60. OrderID: 3611086641
16:12:01 - Bid pulled. OrderID: 3611096507
16:12:01 - Long Inventory: 0
16:12:01 - Short Inventory: 21
16:12:01 - BTCUSDT SELL LIMIT order for $215 PLACED at 42906.60. OrderID: 3611096575
16:12:02 - BTCUSDT BUY LIMIT order for $214 PLACED at 42775.70. OrderID: 3611096601
16:12:02 - BTCUSDT SELL LIMIT order for $214 FILLED at 42808.60. OrderID: 3611086743
16:12:03 - Bid pulled. OrderID: 3611096601
16:12:03 - Long Inventory: 0
16:12:03 - Short Inventory: 22
16:12:03 - BTCUSDT SELL LIMIT order for $215 PLACED at 42906.60. OrderID: 3611096671
16:12:04 - BTCUSDT BUY LIMIT order for $214 PLACED at 42764.50. OrderID: 3611096732
16:12:04 - BTCUSDT SELL LIMIT order for $214 FILLED at 42808.60. OrderID: 3611086813
16:12:04 - Bid pulled. OrderID: 3611096732
16:12:04 - Long Inventory: 0
16:12:04 - Short Inventory: 23
16:12:05 - BTCUSDT SELL LIMIT order for $214 PLACED at 42892.70. OrderID: 3611096760
16:12:06 - BTCUSDT BUY LIMIT order for $214 PLACED at 42764.60. OrderID: 3611096815
16:12:35 - BTCUSDT SELL LIMIT order for $214 FILLED at 42892.70. OrderID: 3611096760
16:12:35 - Bid pulled. OrderID: 3611096815
16:12:35 - Long Inventory: 0
16:12:35 - Short Inventory: 24
16:12:36 - BTCUSDT SELL LIMIT order for $215 PLACED at 42906.60. OrderID: 3611098353
16:12:36 - BTCUSDT BUY LIMIT order for $214 PLACED at 42772.60. OrderID: 3611098394
16:13:58 - BTCUSDT SELL LIMIT order for $215 FILLED at 42906.60. OrderID: 3611096479
16:13:59 - Bid pulled. OrderID: 3611098394
16:13:59 - Long Inventory: 0
16:13:59 - Short Inventory: 25
16:14:00 - BTCUSDT SELL LIMIT order for $215 PLACED at 42918.40. OrderID: 3611102408
16:14:00 - BTCUSDT BUY LIMIT order for $214 PLACED at 42789.70. OrderID: 3611102416
16:14:00 - BTCUSDT SELL LIMIT order for $215 FILLED at 42906.60. OrderID: 3611096575
16:14:01 - Bid pulled. OrderID: 3611102416
16:14:01 - Long Inventory: 0
16:14:01 - Short Inventory: 26
16:14:02 - BTCUSDT SELL LIMIT order for $215 PLACED at 42918.40. OrderID: 3611102462
16:14:02 - BTCUSDT BUY LIMIT order for $214 PLACED at 42789.80. OrderID: 3611102506
16:14:02 - BTCUSDT SELL LIMIT order for $215 FILLED at 42906.60. OrderID: 3611096671
16:14:02 - Bid pulled. OrderID: 3611102506
16:14:02 - Long Inventory: 0
16:14:02 - Short Inventory: 27
16:14:03 - BTCUSDT SELL LIMIT order for $215 PLACED at 42918.40. OrderID: 3611102548
16:14:04 - BTCUSDT BUY LIMIT order for $214 PLACED at 42789.80. OrderID: 3611102567
16:14:04 - BTCUSDT SELL LIMIT order for $215 FILLED at 42906.60. OrderID: 3611098353
16:14:04 - Bid pulled. OrderID: 3611102567
16:14:04 - Long Inventory: 0
16:14:04 - Short Inventory: 28
16:14:05 - BTCUSDT SELL LIMIT order for $215 PLACED at 42918.40. OrderID: 3611102594
16:14:05 - BTCUSDT BUY LIMIT order for $214 PLACED at 42789.80. OrderID: 3611102601
16:14:14 - BTCUSDT SELL LIMIT order for $215 FILLED at 42918.40. OrderID: 3611102408
16:14:14 - Bid pulled. OrderID: 3611102601
16:14:14 - Long Inventory: 0
16:14:14 - Short Inventory: 29
16:14:15 - BTCUSDT SELL LIMIT order for $215 PLACED at 42952.80. OrderID: 3611103189
16:14:16 - BTCUSDT BUY LIMIT order for $215 PLACED at 42900.40. OrderID: 3611103247
16:14:16 - BTCUSDT SELL LIMIT order for $215 FILLED at 42918.40. OrderID: 3611102462
16:14:16 - Bid pulled. OrderID: 3611103247
16:14:16 - Long Inventory: 0
16:14:16 - Short Inventory: 30
16:14:17 - BTCUSDT SELL LIMIT order for $215 PLACED at 42952.80. OrderID: 3611103357
16:14:17 - BTCUSDT BUY LIMIT order for $215 PLACED at 42900.50. OrderID: 3611103358
16:14:17 - BTCUSDT SELL LIMIT order for $215 FILLED at 42918.40. OrderID: 3611102548
16:14:18 - Bid pulled. OrderID: 3611103358
16:14:18 - Long Inventory: 0
16:14:18 - Short Inventory: 31
16:14:18 - BTCUSDT SELL LIMIT order for $215 PLACED at 42952.80. OrderID: 3611103371
16:14:19 - BTCUSDT BUY LIMIT order for $215 PLACED at 42900.50. OrderID: 3611103390
16:14:19 - BTCUSDT SELL LIMIT order for $215 FILLED at 42918.40. OrderID: 3611102594
16:14:19 - Bid pulled. OrderID: 3611103390
16:14:19 - Long Inventory: 0
16:14:19 - Short Inventory: 32
16:14:20 - BTCUSDT SELL LIMIT order for $215 PLACED at 42952.80. OrderID: 3611103440
16:14:20 - BTCUSDT BUY LIMIT order for $215 PLACED at 42900.50. OrderID: 3611103495
16:14:47 - BTCUSDT SELL LIMIT order for $215 FILLED at 42952.80. OrderID: 3611103189
16:14:48 - Bid pulled. OrderID: 3611103495
16:14:48 - Long Inventory: 0
16:14:48 - Short Inventory: 33
16:14:49 - BTCUSDT SELL LIMIT order for $215 PLACED at 42961.60. OrderID: 3611104707
16:14:50 - BTCUSDT BUY LIMIT order for $215 PLACED at 42900.50. OrderID: 3611104726
16:14:50 - BTCUSDT SELL LIMIT order for $215 FILLED at 42952.80. OrderID: 3611103357
16:14:50 - Bid pulled. OrderID: 3611104726
16:14:50 - Long Inventory: 0
16:14:50 - Short Inventory: 34
16:14:51 - BTCUSDT SELL LIMIT order for $215 PLACED at 42961.60. OrderID: 3611104795
16:14:52 - BTCUSDT BUY LIMIT order for $215 PLACED at 42900.50. OrderID: 3611104805
16:14:52 - BTCUSDT SELL LIMIT order for $215 FILLED at 42952.80. OrderID: 3611103371
16:14:53 - Bid pulled. OrderID: 3611104805
16:14:53 - Long Inventory: 0
16:14:53 - Short Inventory: 35
16:14:54 - BTCUSDT SELL LIMIT order for $215 PLACED at 42961.60. OrderID: 3611104980
16:14:54 - BTCUSDT BUY LIMIT order for $215 PLACED at 42900.40. OrderID: 3611105039
16:14:54 - BTCUSDT SELL LIMIT order for $215 FILLED at 42952.80. OrderID: 3611103440
16:14:55 - Bid pulled. OrderID: 3611105039
16:14:55 - Long Inventory: 0
16:14:55 - Short Inventory: 36
16:14:55 - BTCUSDT SELL LIMIT order for $215 PLACED at 43004.30. OrderID: 3611105069
16:14:56 - BTCUSDT BUY LIMIT order for $215 PLACED at 42900.40. OrderID: 3611105076
16:14:56 - BTCUSDT SELL LIMIT order for $215 FILLED at 42961.60. OrderID: 3611104707
16:14:56 - Bid pulled. OrderID: 3611105076
16:14:56 - Long Inventory: 0
16:14:56 - Short Inventory: 37
16:14:57 - BTCUSDT SELL LIMIT order for $215 PLACED at 43004.30. OrderID: 3611105087
16:14:57 - BTCUSDT BUY LIMIT order for $215 PLACED at 42900.40. OrderID: 3611105088
16:14:57 - BTCUSDT SELL LIMIT order for $215 FILLED at 42961.60. OrderID: 3611104795
16:14:58 - Bid pulled. OrderID: 3611105088
16:14:58 - Long Inventory: 0
16:14:58 - Short Inventory: 38
16:14:58 - BTCUSDT SELL LIMIT order for $215 PLACED at 43004.30. OrderID: 3611105173
16:14:58 - BTCUSDT BUY LIMIT order for $215 PLACED at 42900.40. OrderID: 3611105178
16:14:58 - BTCUSDT SELL LIMIT order for $215 FILLED at 42961.60. OrderID: 3611104980
16:14:59 - Bid pulled. OrderID: 3611105178
16:14:59 - Long Inventory: 0
16:14:59 - Short Inventory: 39
16:14:59 - BTCUSDT SELL LIMIT order for $215 PLACED at 43004.30. OrderID: 3611105202
16:14:59 - BTCUSDT BUY LIMIT order for $215 PLACED at 42900.40. OrderID: 3611105244
16:15:39 - BTCUSDT SELL LIMIT order for $215 FILLED at 43004.30. OrderID: 3611105069
16:15:39 - Bid pulled. OrderID: 3611105244
16:15:39 - Long Inventory: 0
16:15:39 - Short Inventory: 40
16:15:40 - BTCUSDT SELL LIMIT order for $215 PLACED at 43030.10. OrderID: 3611107356
16:15:41 - BTCUSDT BUY LIMIT order for $215 PLACED at 42900.60. OrderID: 3611107365
16:15:41 - BTCUSDT SELL LIMIT order for $215 FILLED at 43004.30. OrderID: 3611105087
16:15:41 - Bid pulled. OrderID: 3611107365
16:15:41 - Long Inventory: 0
16:15:41 - Short Inventory: 41
16:15:41 - BTCUSDT SELL LIMIT order for $215 PLACED at 43030.10. OrderID: 3611107413
16:15:41 - BTCUSDT BUY LIMIT order for $215 PLACED at 42901.20. OrderID: 3611107433
16:15:41 - BTCUSDT SELL LIMIT order for $215 FILLED at 43004.30. OrderID: 3611105173
16:15:42 - Bid pulled. OrderID: 3611107433
16:15:42 - Long Inventory: 0
16:15:42 - Short Inventory: 42
16:15:43 - BTCUSDT SELL LIMIT order for $215 PLACED at 43030.10. OrderID: 3611107454
16:15:44 - BTCUSDT BUY LIMIT order for $215 PLACED at 42901.20. OrderID: 3611107464
16:15:44 - BTCUSDT SELL LIMIT order for $215 FILLED at 43004.30. OrderID: 3611105202
16:15:44 - Bid pulled. OrderID: 3611107464
16:15:44 - Long Inventory: 0
16:15:44 - Short Inventory: 43
16:15:45 - BTCUSDT SELL LIMIT order for $215 PLACED at 43030.10. OrderID: 3611107488
16:15:45 - BTCUSDT BUY LIMIT order for $215 PLACED at 42901.20. OrderID: 3611107517
16:15:58 - BTCUSDT SELL LIMIT order for $215 FILLED at 43030.10. OrderID: 3611107356
16:15:58 - Bid pulled. OrderID: 3611107517
16:15:58 - Long Inventory: 0
16:15:58 - Short Inventory: 44
16:15:59 - BTCUSDT SELL LIMIT order for $215 PLACED at 43056.00. OrderID: 3611108141
16:15:59 - BTCUSDT BUY LIMIT order for $215 PLACED at 42944.30. OrderID: 3611108249
16:15:59 - BTCUSDT SELL LIMIT order for $215 FILLED at 43030.10. OrderID: 3611107413
16:16:00 - Bid pulled. OrderID: 3611108249
16:16:00 - Long Inventory: 0
16:16:00 - Short Inventory: 45
16:16:01 - BTCUSDT SELL LIMIT order for $215 PLACED at 43056.00. OrderID: 3611108350
16:16:02 - BTCUSDT BUY LIMIT order for $215 PLACED at 42944.30. OrderID: 3611108388
16:16:02 - BTCUSDT SELL LIMIT order for $215 FILLED at 43030.10. OrderID: 3611107454
16:16:02 - Bid pulled. OrderID: 3611108388
16:16:02 - Long Inventory: 0
16:16:02 - Short Inventory: 46
16:16:02 - BTCUSDT SELL LIMIT order for $215 PLACED at 43056.00. OrderID: 3611108433
16:16:03 - BTCUSDT BUY LIMIT order for $215 PLACED at 42944.30. OrderID: 3611108477
16:16:03 - BTCUSDT SELL LIMIT order for $215 FILLED at 43030.10. OrderID: 3611107488
16:16:04 - Bid pulled. OrderID: 3611108477
16:16:04 - Long Inventory: 0
16:16:04 - Short Inventory: 47
16:16:05 - BTCUSDT SELL LIMIT order for $215 PLACED at 43090.40. OrderID: 3611108530
16:16:05 - BTCUSDT BUY LIMIT order for $215 PLACED at 42992.90. OrderID: 3611108536
16:16:05 - BTCUSDT SELL LIMIT order for $215 FILLED at 43056. OrderID: 3611108141
16:16:05 - Bid pulled. OrderID: 3611108536
16:16:05 - Long Inventory: 0
16:16:05 - Short Inventory: 48
16:16:06 - BTCUSDT SELL LIMIT order for $215 PLACED at 43090.40. OrderID: 3611108544
16:16:06 - BTCUSDT BUY LIMIT order for $215 PLACED at 42992.90. OrderID: 3611108564
16:16:06 - BTCUSDT SELL LIMIT order for $215 FILLED at 43056. OrderID: 3611108350
16:16:06 - Bid pulled. OrderID: 3611108564
16:16:06 - Long Inventory: 0
16:16:06 - Short Inventory: 49
16:16:07 - BTCUSDT SELL LIMIT order for $215 PLACED at 43051.60. OrderID: 3611108593
16:16:07 - BTCUSDT BUY LIMIT order for $215 PLACED at 42992.90. OrderID: 3611108609
16:16:07 - BTCUSDT SELL LIMIT order for $215 FILLED at 43056. OrderID: 3611108433
16:16:07 - Bid pulled. OrderID: 3611108609
16:16:07 - Long Inventory: 0
16:16:07 - Short Inventory: 50
16:16:08 - BTCUSDT SELL LIMIT order for $215 PLACED at 43051.60. OrderID: 3611108633
16:16:08 - BTCUSDT BUY LIMIT order for $215 PLACED at 42992.90. OrderID: 3611108668
16:16:09 - BTCUSDT SELL LIMIT order for $215 FILLED at 43051.60. OrderID: 3611108593
16:16:10 - Bid pulled. OrderID: 3611108668
16:16:10 - Long Inventory: 0
16:16:10 - Short Inventory: 51
16:16:10 - BTCUSDT SELL LIMIT order for $216 PLACED at 43107.60. OrderID: 3611108904
16:16:10 - BTCUSDT BUY LIMIT order for $215 PLACED at 42992.90. OrderID: 3611108917
16:16:10 - BTCUSDT SELL LIMIT order for $215 FILLED at 43051.60. OrderID: 3611108633
16:16:11 - Bid pulled. OrderID: 3611108917
16:16:11 - Long Inventory: 0
16:16:11 - Short Inventory: 52
16:16:11 - BTCUSDT SELL LIMIT order for $216 PLACED at 43107.60. OrderID: 3611108956
16:16:11 - BTCUSDT BUY LIMIT order for $215 PLACED at 42992.90. OrderID: 3611108961
16:16:11 - BTCUSDT SELL LIMIT order for $215 FILLED at 43090.40. OrderID: 3611108530
16:16:11 - Bid pulled. OrderID: 3611108961
16:16:11 - Long Inventory: 0
16:16:11 - Short Inventory: 53
16:16:12 - BTCUSDT SELL LIMIT order for $216 PLACED at 43107.60. OrderID: 3611109008
16:16:12 - BTCUSDT BUY LIMIT order for $215 PLACED at 42992.90. OrderID: 3611109027
16:16:12 - BTCUSDT SELL LIMIT order for $215 FILLED at 43090.40. OrderID: 3611108544
16:16:12 - Bid pulled. OrderID: 3611109027
16:16:12 - Long Inventory: 0
16:16:12 - Short Inventory: 54
16:16:13 - BTCUSDT SELL LIMIT order for $216 PLACED at 43107.60. OrderID: 3611109102
16:16:13 - BTCUSDT BUY LIMIT order for $215 PLACED at 42992.90. OrderID: 3611109106
16:16:13 - BTCUSDT SELL LIMIT order for $216 FILLED at 43107.60. OrderID: 3611108904
16:16:14 - Bid pulled. OrderID: 3611109106
16:16:14 - Long Inventory: 0
16:16:14 - Short Inventory: 55
16:16:14 - BTCUSDT SELL LIMIT order for $216 PLACED at 43124.90. OrderID: 3611109130
16:16:14 - BTCUSDT BUY LIMIT order for $215 PLACED at 42992.90. OrderID: 3611109139
16:16:14 - BTCUSDT SELL LIMIT order for $216 FILLED at 43107.60. OrderID: 3611108956
16:16:14 - Bid pulled. OrderID: 3611109139
16:16:14 - Long Inventory: 0
16:16:14 - Short Inventory: 56
16:16:15 - BTCUSDT SELL LIMIT order for $216 PLACED at 43133.50. OrderID: 3611109150
16:16:15 - BTCUSDT BUY LIMIT order for $215 PLACED at 43090.50. OrderID: 3611109156
16:16:15 - BTCUSDT SELL LIMIT order for $216 FILLED at 43107.60. OrderID: 3611109008
16:16:15 - Bid pulled. OrderID: 3611109156
16:16:15 - Long Inventory: 0
16:16:15 - Short Inventory: 57
16:16:16 - BTCUSDT SELL LIMIT order for $216 PLACED at 43133.50. OrderID: 3611109208
16:16:16 - BTCUSDT BUY LIMIT order for $215 PLACED at 43090.50. OrderID: 3611109233
16:16:16 - BTCUSDT SELL LIMIT order for $216 FILLED at 43107.60. OrderID: 3611109102
16:16:16 - Bid pulled. OrderID: 3611109233
16:16:16 - Long Inventory: 0
16:16:16 - Short Inventory: 58
16:16:16 - BTCUSDT SELL LIMIT order for $216 PLACED at 43133.50. OrderID: 3611109265
16:16:17 - BTCUSDT BUY LIMIT order for $215 PLACED at 43090.50. OrderID: 3611109282
16:16:21 - BTCUSDT SELL LIMIT order for $216 FILLED at 43124.90. OrderID: 3611109130
16:16:21 - Bid pulled. OrderID: 3611109282
16:16:21 - Long Inventory: 0
16:16:21 - Short Inventory: 59
16:16:21 - BTCUSDT SELL LIMIT order for $216 PLACED at 43142.00. OrderID: 3611109506
16:16:22 - BTCUSDT BUY LIMIT order for $215 PLACED at 43090.50. OrderID: 3611109511
16:16:33 - BTCUSDT SELL LIMIT order for $216 FILLED at 43133.50. OrderID: 3611109150
16:16:34 - Bid pulled. OrderID: 3611109511
16:16:34 - Long Inventory: 0
16:16:34 - Short Inventory: 60
16:16:34 - BTCUSDT SELL LIMIT order for $216 PLACED at 43150.80. OrderID: 3611110169
16:16:35 - BTCUSDT BUY LIMIT order for $215 PLACED at 43090.50. OrderID: 3611110209
16:16:35 - BTCUSDT SELL LIMIT order for $216 FILLED at 43133.50. OrderID: 3611109208
16:16:36 - Bid pulled. OrderID: 3611110209
16:16:36 - Long Inventory: 0
16:16:36 - Short Inventory: 61
16:16:36 - BTCUSDT SELL LIMIT order for $216 PLACED at 43150.80. OrderID: 3611110235
16:16:37 - BTCUSDT BUY LIMIT order for $215 PLACED at 43090.50. OrderID: 3611110261
16:16:37 - BTCUSDT SELL LIMIT order for $216 FILLED at 43133.50. OrderID: 3611109265
16:16:37 - Bid pulled. OrderID: 3611110261
16:16:37 - Long Inventory: 0
16:16:37 - Short Inventory: 62
16:16:38 - BTCUSDT SELL LIMIT order for $216 PLACED at 43150.80. OrderID: 3611110279
16:16:38 - BTCUSDT BUY LIMIT order for $216 PLACED at 43129.80. OrderID: 3611110313
16:16:38 - BTCUSDT SELL LIMIT order for $216 FILLED at 43142. OrderID: 3611109506
16:16:39 - Bid pulled. OrderID: 3611110313
16:16:39 - Long Inventory: 0
16:16:39 - Short Inventory: 63
16:16:39 - BTCUSDT SELL LIMIT order for $216 PLACED at 43150.80. OrderID: 3611110340
16:16:39 - BTCUSDT BUY LIMIT order for $216 PLACED at 43129.90. OrderID: 3611110356
16:16:52 - BTCUSDT SELL LIMIT order for $216 FILLED at 43150.80. OrderID: 3611110169
16:16:53 - Bid pulled. OrderID: 3611110356
16:16:53 - Long Inventory: 0
16:16:53 - Short Inventory: 64
16:16:53 - BTCUSDT SELL LIMIT order for $216 PLACED at 43176.70. OrderID: 3611110888
16:16:54 - BTCUSDT BUY LIMIT order for $216 PLACED at 43129.90. OrderID: 3611110968
16:16:54 - BTCUSDT SELL LIMIT order for $216 FILLED at 43150.80. OrderID: 3611110235
16:16:55 - Bid pulled. OrderID: 3611110968
16:16:55 - Long Inventory: 0
16:16:55 - Short Inventory: 65
16:16:56 - BTCUSDT SELL LIMIT order for $216 PLACED at 43176.70. OrderID: 3611111035
16:16:56 - BTCUSDT BUY LIMIT order for $216 PLACED at 43129.90. OrderID: 3611111037
16:16:56 - BTCUSDT SELL LIMIT order for $216 FILLED at 43150.80. OrderID: 3611110279
16:16:57 - Bid pulled. OrderID: 3611111037
16:16:57 - Long Inventory: 0
16:16:57 - Short Inventory: 66
16:16:57 - BTCUSDT SELL LIMIT order for $216 PLACED at 43176.70. OrderID: 3611111122
16:16:58 - BTCUSDT BUY LIMIT order for $216 PLACED at 43142.30. OrderID: 3611111136
16:16:58 - BTCUSDT SELL LIMIT order for $216 FILLED at 43150.80. OrderID: 3611110340
16:16:59 - Bid pulled. OrderID: 3611111136
16:16:59 - Long Inventory: 0
16:16:59 - Short Inventory: 67
16:16:59 - BTCUSDT SELL LIMIT order for $216 PLACED at 43176.70. OrderID: 3611111232
16:17:00 - BTCUSDT BUY LIMIT order for $216 PLACED at 43142.30. OrderID: 3611111328
16:17:01 - BTCUSDT SELL LIMIT order for $216 FILLED at 43176.70. OrderID: 3611110888
16:17:01 - Bid pulled. OrderID: 3611111328
16:17:01 - Long Inventory: 0
16:17:01 - Short Inventory: 68
16:17:02 - BTCUSDT SELL LIMIT order for $216 PLACED at 43244.90. OrderID: 3611111424
16:17:02 - BTCUSDT BUY LIMIT order for $216 PLACED at 43142.30. OrderID: 3611111429
16:17:02 - BTCUSDT SELL LIMIT order for $216 FILLED at 43176.70. OrderID: 3611111035
16:17:02 - Bid pulled. OrderID: 3611111429
16:17:02 - Long Inventory: 0
16:17:02 - Short Inventory: 69
16:17:02 - BTCUSDT SELL LIMIT order for $216 PLACED at 43228.50. OrderID: 3611111474
16:17:03 - BTCUSDT BUY LIMIT order for $216 PLACED at 43142.30. OrderID: 3611111494
16:17:03 - BTCUSDT SELL LIMIT order for $216 FILLED at 43176.70. OrderID: 3611111122
16:17:03 - Bid pulled. OrderID: 3611111494
16:17:03 - Long Inventory: 0
16:17:03 - Short Inventory: 70
16:17:03 - BTCUSDT SELL LIMIT order for $216 PLACED at 43228.50. OrderID: 3611111527
16:17:04 - BTCUSDT BUY LIMIT order for $216 PLACED at 43142.30. OrderID: 3611111546
16:17:04 - BTCUSDT SELL LIMIT order for $216 FILLED at 43176.70. OrderID: 3611111232
16:17:04 - Bid pulled. OrderID: 3611111546
16:17:04 - Long Inventory: 0
16:17:04 - Short Inventory: 71
16:17:04 - BTCUSDT SELL LIMIT order for $216 PLACED at 43228.50. OrderID: 3611111564
16:17:05 - BTCUSDT BUY LIMIT order for $216 PLACED at 43142.30. OrderID: 3611111565
16:17:08 - BTCUSDT SELL LIMIT order for $216 FILLED at 43228.50. OrderID: 3611111474
16:17:08 - Bid pulled. OrderID: 3611111565
16:17:08 - Long Inventory: 0
16:17:08 - Short Inventory: 72
16:17:09 - BTCUSDT SELL LIMIT order for $216 PLACED at 43263.20. OrderID: 3611111822
16:17:09 - BTCUSDT BUY LIMIT order for $216 PLACED at 43142.30. OrderID: 3611111878
16:17:09 - BTCUSDT SELL LIMIT order for $216 FILLED at 43228.50. OrderID: 3611111527
16:17:09 - Bid pulled. OrderID: 3611111878
16:17:09 - Long Inventory: 0
16:17:09 - Short Inventory: 73
16:17:10 - BTCUSDT SELL LIMIT order for $216 PLACED at 43263.20. OrderID: 3611111942
16:17:10 - BTCUSDT BUY LIMIT order for $216 PLACED at 43142.30. OrderID: 3611111970
16:17:10 - BTCUSDT SELL LIMIT order for $216 FILLED at 43228.50. OrderID: 3611111564
16:17:11 - Bid pulled. OrderID: 3611111970
16:17:11 - Long Inventory: 0
16:17:11 - Short Inventory: 74
16:17:11 - BTCUSDT SELL LIMIT order for $216 PLACED at 43263.20. OrderID: 3611112005
16:17:11 - BTCUSDT BUY LIMIT order for $216 PLACED at 43142.30. OrderID: 3611112011
16:17:11 - BTCUSDT SELL LIMIT order for $216 FILLED at 43244.90. OrderID: 3611111424
16:17:12 - Bid pulled. OrderID: 3611112011
16:17:12 - Long Inventory: 0
16:17:12 - Short Inventory: 75
16:17:12 - BTCUSDT SELL LIMIT order for $216 PLACED at 43263.20. OrderID: 3611112095
16:17:12 - BTCUSDT BUY LIMIT order for $216 PLACED at 43142.30. OrderID: 3611112111
16:17:27 - BTCUSDT SELL LIMIT order for $216 FILLED at 43263.20. OrderID: 3611111822
16:17:28 - Bid pulled. OrderID: 3611112111
16:17:28 - Long Inventory: 0
16:17:28 - Short Inventory: 76
16:17:29 - BTCUSDT SELL LIMIT order for $217 PLACED at 43325.80. OrderID: 3611112815
16:17:29 - BTCUSDT BUY LIMIT order for $216 PLACED at 43290.60. OrderID: 3611112823
16:17:29 - BTCUSDT SELL LIMIT order for $216 FILLED at 43263.20. OrderID: 3611111942
16:17:30 - Bid pulled. OrderID: 3611112823
16:17:30 - Long Inventory: 0
16:17:30 - Short Inventory: 77
16:17:31 - BTCUSDT SELL LIMIT order for $217 PLACED at 43316.20. OrderID: 3611112859
16:17:31 - BTCUSDT BUY LIMIT order for $216 PLACED at 43290.60. OrderID: 3611112902
16:17:31 - BTCUSDT SELL LIMIT order for $216 FILLED at 43263.20. OrderID: 3611112005
16:17:32 - Bid pulled. OrderID: 3611112902
16:17:32 - Long Inventory: 0
16:17:32 - Short Inventory: 78
16:17:33 - BTCUSDT SELL LIMIT order for $217 PLACED at 43324.90. OrderID: 3611112978
16:17:33 - BTCUSDT BUY LIMIT order for $216 PLACED at 43278.90. OrderID: 3611112992
16:17:33 - BTCUSDT SELL LIMIT order for $216 FILLED at 43263.20. OrderID: 3611112095
16:17:34 - Bid pulled. OrderID: 3611112992
16:17:34 - Long Inventory: 0
16:17:34 - Short Inventory: 79
16:17:34 - BTCUSDT SELL LIMIT order for $217 PLACED at 43301.50. OrderID: 3611113165
16:17:35 - BTCUSDT BUY LIMIT order for $216 PLACED at 43279.00. OrderID: 3611113190
16:17:35 - BTCUSDT SELL LIMIT order for $217 FILLED at 43316.20. OrderID: 3611112859
16:17:35 - Bid pulled. OrderID: 3611113190
16:17:35 - Long Inventory: 0
16:17:35 - Short Inventory: 80
16:17:36 - BTCUSDT SELL LIMIT order for $217 PLACED at 43301.60. OrderID: 3611113223
16:17:36 - BTCUSDT BUY LIMIT order for $216 PLACED at 43279.00. OrderID: 3611113227
16:17:36 - BTCUSDT SELL LIMIT order for $217 FILLED at 43324.90. OrderID: 3611112978
16:17:36 - Bid pulled. OrderID: 3611113227
16:17:36 - Long Inventory: 0
16:17:36 - Short Inventory: 81
16:17:37 - BTCUSDT SELL LIMIT order for $216 PLACED at 43297.00. OrderID: 3611113233
16:17:37 - BTCUSDT BUY LIMIT order for $216 PLACED at 43279.00. OrderID: 3611113237
16:17:37 - BTCUSDT SELL LIMIT order for $217 FILLED at 43325.80. OrderID: 3611112815
16:17:37 - Bid pulled. OrderID: 3611113237
16:17:37 - Long Inventory: 0
16:17:37 - Short Inventory: 82
16:17:37 - BTCUSDT SELL LIMIT order for $217 PLACED at 43300.30. OrderID: 3611113278
16:17:38 - BTCUSDT BUY LIMIT order for $216 PLACED at 43279.00. OrderID: 3611113309
16:17:38 - BTCUSDT SELL LIMIT order for $217 FILLED at 43301.50. OrderID: 3611113165
16:17:38 - Bid pulled. OrderID: 3611113309
16:17:38 - Long Inventory: 0
16:17:38 - Short Inventory: 83
16:17:38 - BTCUSDT SELL LIMIT order for $217 PLACED at 43305.70. OrderID: 3611113377
16:17:39 - BTCUSDT BUY LIMIT order for $216 PLACED at 43279.00. OrderID: 3611113379
16:17:40 - BTCUSDT SELL LIMIT order for $216 FILLED at 43297. OrderID: 3611113233
16:17:41 - Bid pulled. OrderID: 3611113379
16:17:41 - Long Inventory: 0
16:17:41 - Short Inventory: 84
16:17:41 - BTCUSDT SELL LIMIT order for $217 PLACED at 43358.40. OrderID: 3611113486
16:17:41 - BTCUSDT BUY LIMIT order for $216 PLACED at 43279.00. OrderID: 3611113502
16:17:41 - BTCUSDT SELL LIMIT order for $217 FILLED at 43300.30. OrderID: 3611113278
16:17:42 - Bid pulled. OrderID: 3611113502
16:17:42 - Long Inventory: 0
16:17:42 - Short Inventory: 85
16:17:42 - BTCUSDT SELL LIMIT order for $217 PLACED at 43358.40. OrderID: 3611113534
16:17:42 - BTCUSDT BUY LIMIT order for $216 PLACED at 43279.00. OrderID: 3611113535
16:17:42 - BTCUSDT SELL LIMIT order for $217 FILLED at 43301.60. OrderID: 3611113223
16:17:43 - Bid pulled. OrderID: 3611113535
16:17:43 - Long Inventory: 0
16:17:43 - Short Inventory: 86
16:17:43 - BTCUSDT SELL LIMIT order for $217 PLACED at 43358.40. OrderID: 3611113542
16:17:43 - BTCUSDT BUY LIMIT order for $216 PLACED at 43279.00. OrderID: 3611113543
16:17:43 - BTCUSDT SELL LIMIT order for $217 FILLED at 43305.70. OrderID: 3611113377
16:17:44 - Bid pulled. OrderID: 3611113543
16:17:44 - Long Inventory: 0
16:17:44 - Short Inventory: 87
16:17:44 - BTCUSDT SELL LIMIT order for $217 PLACED at 43358.40. OrderID: 3611113551
16:17:44 - BTCUSDT BUY LIMIT order for $216 PLACED at 43279.00. OrderID: 3611113555
16:18:07 - BTCUSDT SELL LIMIT order for $217 FILLED at 43358.40. OrderID: 3611113486
16:18:07 - Bid pulled. OrderID: 3611113555
16:18:07 - Long Inventory: 0
16:18:07 - Short Inventory: 88
16:18:08 - BTCUSDT SELL LIMIT order for $217 PLACED at 43375.80. OrderID: 3611114748
16:18:09 - BTCUSDT BUY LIMIT order for $216 PLACED at 43279.00. OrderID: 3611114850
16:18:09 - BTCUSDT SELL LIMIT order for $217 FILLED at 43358.40. OrderID: 3611113534
16:18:10 - Bid pulled. OrderID: 3611114850
16:18:10 - Long Inventory: 0
16:18:10 - Short Inventory: 89
16:18:10 - BTCUSDT SELL LIMIT order for $217 PLACED at 43375.80. OrderID: 3611114972
16:18:11 - BTCUSDT BUY LIMIT order for $216 PLACED at 43279.00. OrderID: 3611114994
16:18:11 - BTCUSDT SELL LIMIT order for $217 FILLED at 43358.40. OrderID: 3611113542
16:18:11 - Bid pulled. OrderID: 3611114994
16:18:11 - Long Inventory: 0
16:18:11 - Short Inventory: 90
16:18:12 - BTCUSDT SELL LIMIT order for $217 PLACED at 43375.80. OrderID: 3611115107
16:18:12 - BTCUSDT BUY LIMIT order for $216 PLACED at 43279.00. OrderID: 3611115122
16:18:12 - BTCUSDT SELL LIMIT order for $217 FILLED at 43358.40. OrderID: 3611113551
16:18:13 - Bid pulled. OrderID: 3611115122
16:18:13 - Long Inventory: 0
16:18:13 - Short Inventory: 91
16:18:14 - BTCUSDT SELL LIMIT order for $217 PLACED at 43375.80. OrderID: 3611115190
16:18:14 - BTCUSDT BUY LIMIT order for $216 PLACED at 43279.00. OrderID: 3611115192
16:18:34 - BTCUSDT SELL LIMIT order for $217 FILLED at 43375.80. OrderID: 3611114748
16:18:34 - Bid pulled. OrderID: 3611115192
16:18:34 - Long Inventory: 0
16:18:34 - Short Inventory: 92
16:18:35 - BTCUSDT SELL LIMIT order for $217 PLACED at 43399.20. OrderID: 3611116126
16:18:35 - BTCUSDT BUY LIMIT order for $216 PLACED at 43279.00. OrderID: 3611116182
16:18:35 - BTCUSDT SELL LIMIT order for $217 FILLED at 43375.80. OrderID: 3611114972
16:18:36 - Bid pulled. OrderID: 3611116182
16:18:36 - Long Inventory: 0
16:18:36 - Short Inventory: 93
16:18:36 - BTCUSDT SELL LIMIT order for $217 PLACED at 43399.20. OrderID: 3611116234
16:18:37 - BTCUSDT BUY LIMIT order for $216 PLACED at 43279.00. OrderID: 3611116242
16:18:37 - BTCUSDT SELL LIMIT order for $217 FILLED at 43375.80. OrderID: 3611115107
16:18:38 - Bid pulled. OrderID: 3611116242
16:18:38 - Long Inventory: 0
16:18:38 - Short Inventory: 94
16:18:39 - BTCUSDT SELL LIMIT order for $217 PLACED at 43399.20. OrderID: 3611116381
16:18:39 - BTCUSDT BUY LIMIT order for $216 PLACED at 43279.00. OrderID: 3611116394
16:18:39 - BTCUSDT SELL LIMIT order for $217 FILLED at 43375.80. OrderID: 3611115190
16:18:40 - Bid pulled. OrderID: 3611116394
16:18:40 - Long Inventory: 0
16:18:40 - Short Inventory: 95
16:18:41 - BTCUSDT SELL LIMIT order for $217 PLACED at 43399.20. OrderID: 3611116482
16:18:42 - BTCUSDT BUY LIMIT order for $216 PLACED at 43279.00. OrderID: 3611116493
16:20:58 - BTCUSDT SELL LIMIT order for $217 FILLED at 43399.20. OrderID: 3611116126
16:20:59 - Bid pulled. OrderID: 3611116493
16:20:59 - Long Inventory: 0
16:20:59 - Short Inventory: 96
16:20:59 - BTCUSDT SELL LIMIT order for $217 PLACED at 43419.20. OrderID: 3611123242
16:21:00 - BTCUSDT BUY LIMIT order for $217 PLACED at 43366.40. OrderID: 3611123342
16:21:00 - BTCUSDT SELL LIMIT order for $217 FILLED at 43399.20. OrderID: 3611116234
16:21:01 - Bid pulled. OrderID: 3611123342
16:21:01 - Long Inventory: 0
16:21:01 - Short Inventory: 97
16:21:02 - BTCUSDT SELL LIMIT order for $217 PLACED at 43419.20. OrderID: 3611123431
16:21:03 - BTCUSDT BUY LIMIT order for $217 PLACED at 43366.40. OrderID: 3611123471
16:21:03 - BTCUSDT SELL LIMIT order for $217 FILLED at 43399.20. OrderID: 3611116381
16:21:03 - Bid pulled. OrderID: 3611123471
16:21:03 - Long Inventory: 0
16:21:03 - Short Inventory: 98
16:21:03 - BTCUSDT SELL LIMIT order for $217 PLACED at 43419.20. OrderID: 3611123513
16:21:04 - BTCUSDT BUY LIMIT order for $217 PLACED at 43366.40. OrderID: 3611123566
16:21:04 - BTCUSDT SELL LIMIT order for $217 FILLED at 43399.20. OrderID: 3611116482
16:21:05 - Bid pulled. OrderID: 3611123566
16:21:05 - Long Inventory: 0
16:21:05 - Short Inventory: 99
16:21:06 - BTCUSDT SELL LIMIT order for $217 PLACED at 43419.20. OrderID: 3611123591
16:21:06 - BTCUSDT BUY LIMIT order for $217 PLACED at 43366.40. OrderID: 3611123611
16:30:55 - BTCUSDT BUY LIMIT order for $217 FILLED at 43366.40. OrderID: 3611123611
16:30:56 - Offer pulled. OrderID: 3611123591
16:30:56 - Long Inventory: 0
16:30:56 - Short Inventory: 100
16:30:56 - BTCUSDT SELL LIMIT order for $217 PLACED at 43377.70. OrderID: 3611152190
16:30:57 - BTCUSDT BUY LIMIT order for $217 PLACED at 43343.20. OrderID: 3611152208
16:30:57 - Trade Complete
16:30:58 - BTCUSDT SELL LIMIT order for $217 FILLED at 43377.70. OrderID: 3611152190
16:30:58 - Bid pulled. OrderID: 3611152208
16:30:58 - Long Inventory: 0
16:30:58 - Short Inventory: 99
16:30:59 - BTCUSDT SELL LIMIT order for $217 PLACED at 43382.30. OrderID: 3611152310
16:31:00 - BTCUSDT BUY LIMIT order for $217 PLACED at 43347.80. OrderID: 3611152343
16:31:00 - BTCUSDT SELL LIMIT order for $217 FILLED at 43382.30. OrderID: 3611152310
16:31:00 - Bid pulled. OrderID: 3611152343
16:31:00 - Long Inventory: 0
16:31:00 - Short Inventory: 100
16:31:01 - BTCUSDT SELL LIMIT order for $217 PLACED at 43383.50. OrderID: 3611152422
16:31:02 - BTCUSDT BUY LIMIT order for $217 PLACED at 43345.50. OrderID: 3611152447
16:31:03 - BTCUSDT SELL LIMIT order for $217 FILLED at 43383.50. OrderID: 3611152422
16:31:04 - Bid pulled. OrderID: 3611152447
16:31:04 - Long Inventory: 0
16:31:04 - Short Inventory: 101
16:31:05 - BTCUSDT SELL LIMIT order for $217 PLACED at 43403.40. OrderID: 3611152605
16:31:05 - BTCUSDT BUY LIMIT order for $217 PLACED at 43364.40. OrderID: 3611152635
16:31:07 - BTCUSDT BUY LIMIT order for $217 FILLED at 43364.40. OrderID: 3611152635
16:31:08 - Offer pulled. OrderID: 3611152605
16:31:08 - Long Inventory: 0
16:31:08 - Short Inventory: 102
16:31:09 - BTCUSDT SELL LIMIT order for $217 PLACED at 43388.30. OrderID: 3611152727
16:31:09 - BTCUSDT BUY LIMIT order for $217 PLACED at 43366.30. OrderID: 3611152765
16:31:09 - Trade Complete
16:31:30 - BTCUSDT SELL LIMIT order for $217 FILLED at 43388.30. OrderID: 3611152727
16:31:30 - Bid pulled. OrderID: 3611152765
16:31:30 - Long Inventory: 0
16:31:30 - Short Inventory: 101
16:31:31 - BTCUSDT SELL LIMIT order for $217 PLACED at 43410.50. OrderID: 3611153963
16:31:32 - BTCUSDT BUY LIMIT order for $217 PLACED at 43304.80. OrderID: 3611153979
16:31:49 - BTCUSDT BUY LIMIT order for $217 FILLED at 43304.80. OrderID: 3611153979
16:31:50 - Offer pulled. OrderID: 3611153963
16:31:50 - Long Inventory: 0
16:31:50 - Short Inventory: 102
16:31:50 - BTCUSDT SELL LIMIT order for $217 PLACED at 43396.20. OrderID: 3611154935
16:31:51 - BTCUSDT BUY LIMIT order for $217 PLACED at 43327.90. OrderID: 3611154939
16:31:51 - Trade Complete
16:31:57 - BTCUSDT BUY LIMIT order for $217 FILLED at 43327.90. OrderID: 3611154939
16:31:58 - Offer pulled. OrderID: 3611154935
16:31:58 - Long Inventory: 0
16:31:58 - Short Inventory: 101
16:31:58 - BTCUSDT SELL LIMIT order for $217 PLACED at 43375.80. OrderID: 3611155233
16:31:59 - BTCUSDT BUY LIMIT order for $216 PLACED at 43245.60. OrderID: 3611155246
16:31:59 - Trade Complete
16:31:59 - BTCUSDT BUY LIMIT order for $216 FILLED at 43245.60. OrderID: 3611155246
16:32:00 - Offer pulled. OrderID: 3611155233
16:32:00 - Long Inventory: 0
16:32:00 - Short Inventory: 100
16:32:01 - BTCUSDT SELL LIMIT order for $217 PLACED at 43323.60. OrderID: 3611155333
16:32:02 - BTCUSDT BUY LIMIT order for $216 PLACED at 43219.80. OrderID: 3611155385
16:32:02 - Trade Complete
16:32:08 - BTCUSDT SELL LIMIT order for $217 FILLED at 43323.60. OrderID: 3611155333
16:32:09 - Bid pulled. OrderID: 3611155385
16:32:09 - Long Inventory: 0
16:32:09 - Short Inventory: 99
16:32:10 - BTCUSDT SELL LIMIT order for $217 PLACED at 43349.80. OrderID: 3611155701
16:32:11 - BTCUSDT BUY LIMIT order for $216 PLACED at 43235.50. OrderID: 3611155713
16:32:29 - BTCUSDT BUY LIMIT order for $216 FILLED at 43235.50. OrderID: 3611155713
16:32:30 - Offer pulled. OrderID: 3611155701
16:32:30 - Long Inventory: 0
16:32:30 - Short Inventory: 100
16:32:31 - BTCUSDT SELL LIMIT order for $216 PLACED at 43252.80. OrderID: 3611156862
16:32:31 - BTCUSDT BUY LIMIT order for $216 PLACED at 43211.10. OrderID: 3611156919
16:32:31 - Trade Complete
16:32:43 - BTCUSDT BUY LIMIT order for $216 FILLED at 43211.10. OrderID: 3611156919
16:32:43 - Offer pulled. OrderID: 3611156862
16:32:43 - Long Inventory: 0
16:32:43 - Short Inventory: 99
16:32:44 - BTCUSDT SELL LIMIT order for $217 PLACED at 43325.20. OrderID: 3611157448
16:32:45 - BTCUSDT BUY LIMIT order for $216 PLACED at 43180.00. OrderID: 3611157473
16:32:45 - Trade Complete
16:32:57 - BTCUSDT BUY LIMIT order for $216 FILLED at 43180. OrderID: 3611157473
16:32:58 - Offer pulled. OrderID: 3611157448
16:32:58 - Long Inventory: 0
16:32:58 - Short Inventory: 98
16:32:58 - BTCUSDT SELL LIMIT order for $216 PLACED at 43272.50. OrderID: 3611158193
16:32:59 - BTCUSDT BUY LIMIT order for $216 PLACED at 43167.90. OrderID: 3611158198
16:32:59 - Trade Complete
16:33:03 - BTCUSDT SELL LIMIT order for $216 FILLED at 43272.50. OrderID: 3611158193
16:33:04 - BTCUSDT BUY LIMIT order for $216 FILLED at 43167.90. OrderID: 3611158198
